#
# There is insufficient memory for the Java Runtime Environment to continue.
# Native memory allocation (malloc) failed to allocate 1365936 bytes for Chunk::new
# Possible reasons:
#   The system is out of physical RAM or swap space
#   The process is running with CompressedOops enabled, and the Java Heap may be blocking the growth of the native heap
# Possible solutions:
#   Reduce memory load on the system
#   Increase physical memory or swap space
#   Check if swap backing store is full
#   Decrease Java heap size (-Xmx/-Xms)
#   Decrease number of Java threads
#   Decrease Java thread stack sizes (-Xss)
#   Set larger code cache with -XX:ReservedCodeCacheSize=
#   JVM is running with Unscaled Compressed Oops mode in which the Java heap is
#     placed in the first 4GB address space. The Java Heap base address is the
#     maximum limit for the native heap growth. Please use -XX:HeapBaseMinAddress
#     to set the Java Heap base and to place the Java Heap above 4GB virtual address.
# This output file may be truncated or incomplete.
#
#  Out of Memory Error (arena.cpp:189), pid=748, tid=2192
#
# JRE version: OpenJDK Runtime Environment (17.0.6) (build 17.0.6+0-b2043.56-10027231)
# Java VM: OpenJDK 64-Bit Server VM (17.0.6+0-b2043.56-10027231, mixed mode, tiered, compressed oops, compressed class ptrs, g1 gc, windows-amd64)
# No core dump will be written. Minidumps are not enabled by default on client versions of Windows
#

---------------  S U M M A R Y ------------

Command Line: --add-opens=java.base/java.util=ALL-UNNAMED --add-opens=java.base/java.lang=ALL-UNNAMED --add-opens=java.base/java.lang.invoke=ALL-UNNAMED --add-opens=java.prefs/java.util.prefs=ALL-UNNAMED --add-opens=java.base/java.nio.charset=ALL-UNNAMED --add-opens=java.base/java.net=ALL-UNNAMED --add-opens=java.base/java.util.concurrent.atomic=ALL-UNNAMED -Xmx2048m -Dfile.encoding=UTF-8 -Duser.country=RU -Duser.language=ru -Duser.variant org.gradle.launcher.daemon.bootstrap.GradleDaemon 8.0

Host: AMD Ryzen 3 3250U with Radeon Graphics         , 4 cores, 3G,  Windows 10 , 64 bit Build 19041 (10.0.19041.3636)
Time: Sun Apr  7 15:08:37 2024 RTZ 4 (s 10 , 64 bit Build 19041 (10.0.19041.3636) elapsed time: 25.999797 seconds (0d 0h 0m 25s)

---------------  T H R E A D  ---------------

Current thread (0x000002507f8134c0):  JavaThread "C2 CompilerThread0" daemon [_thread_in_native, id=2192, stack(0x000000c9f9d00000,0x000000c9f9e00000)]


Current CompileTask:
C2:  26000 6446   !   4       org.jetbrains.kotlin.metadata.ProtoBuf$Type::<init> (875 bytes)

Stack: [0x000000c9f9d00000,0x000000c9f9e00000]
Native frames: (J=compiled Java code, j=interpreted, Vv=VM code, C=native code)
V  [jvm.dll+0x683c9a]
V  [jvm.dll+0x8427a4]
V  [jvm.dll+0x843f9e]
V  [jvm.dll+0x844603]
V  [jvm.dll+0x249b75]
V  [jvm.dll+0xabcac]
V  [jvm.dll+0xac27c]
V  [jvm.dll+0x368802]
V  [jvm.dll+0x332f31]
V  [jvm.dll+0x3323da]
V  [jvm.dll+0x21c201]
V  [jvm.dll+0x21b621]
V  [jvm.dll+0x1a4fdd]
V  [jvm.dll+0x22b098]
V  [jvm.dll+0x229159]
V  [jvm.dll+0x7f81ec]
V  [jvm.dll+0x7f274a]
V  [jvm.dll+0x682ad5]
C  [ucrtbase.dll+0x21bb2]
C  [KERNEL32.DLL+0x17344]
C  [ntdll.dll+0x526b1]


---------------  P R O C E S S  ---------------

Threads class SMR info:
_java_thread_list=0x0000025011ccfd60, length=38, elements={
0x0000025072700ed0, 0x000002507ebfba20, 0x000002507ec2f150, 0x000002507ec47b30,
0x000002507ec485f0, 0x000002507f812010, 0x000002507f8128d0, 0x000002507f8134c0,
0x000002507f8178d0, 0x000002507ec6ff00, 0x000002507f8dd400, 0x000002507f958380,
0x00000250103db7b0, 0x0000025010200860, 0x000002500fc08170, 0x000002501102d060,
0x00000250111f3980, 0x000002500fa1b360, 0x000002507f86f5f0, 0x000002500ff89a20,
0x000002500ff873a0, 0x000002500ff86ed0, 0x000002500ff87870, 0x000002500ff88bb0,
0x000002500ff886e0, 0x000002500ff87d40, 0x000002500ff86a00, 0x000002500ff88210,
0x000002500ff89080, 0x000002501131eb40, 0x000002501131bff0, 0x000002501131f4e0,
0x000002501131f010, 0x000002501131bb20, 0x0000025011320350, 0x0000025011319e40,
0x000002501131c990, 0x0000025011320820
}

Java Threads: ( => current thread )
  0x0000025072700ed0 JavaThread "main" [_thread_blocked, id=8932, stack(0x000000c9f9000000,0x000000c9f9100000)]
  0x000002507ebfba20 JavaThread "Reference Handler" daemon [_thread_blocked, id=7428, stack(0x000000c9f9700000,0x000000c9f9800000)]
  0x000002507ec2f150 JavaThread "Finalizer" daemon [_thread_blocked, id=1928, stack(0x000000c9f9800000,0x000000c9f9900000)]
  0x000002507ec47b30 JavaThread "Signal Dispatcher" daemon [_thread_blocked, id=8240, stack(0x000000c9f9900000,0x000000c9f9a00000)]
  0x000002507ec485f0 JavaThread "Attach Listener" daemon [_thread_blocked, id=3092, stack(0x000000c9f9a00000,0x000000c9f9b00000)]
  0x000002507f812010 JavaThread "Service Thread" daemon [_thread_blocked, id=4412, stack(0x000000c9f9b00000,0x000000c9f9c00000)]
  0x000002507f8128d0 JavaThread "Monitor Deflation Thread" daemon [_thread_blocked, id=4764, stack(0x000000c9f9c00000,0x000000c9f9d00000)]
=>0x000002507f8134c0 JavaThread "C2 CompilerThread0" daemon [_thread_in_native, id=2192, stack(0x000000c9f9d00000,0x000000c9f9e00000)]
  0x000002507f8178d0 JavaThread "C1 CompilerThread0" daemon [_thread_blocked, id=5832, stack(0x000000c9f9e00000,0x000000c9f9f00000)]
  0x000002507ec6ff00 JavaThread "Sweeper thread" daemon [_thread_blocked, id=3588, stack(0x000000c9f9f00000,0x000000c9fa000000)]
  0x000002507f8dd400 JavaThread "Common-Cleaner" daemon [_thread_blocked, id=8176, stack(0x000000c9fa000000,0x000000c9fa100000)]
  0x000002507f958380 JavaThread "Notification Thread" daemon [_thread_blocked, id=2964, stack(0x000000c9fa100000,0x000000c9fa200000)]
  0x00000250103db7b0 JavaThread "Daemon health stats" [_thread_blocked, id=5820, stack(0x000000c9fa600000,0x000000c9fa700000)]
  0x0000025010200860 JavaThread "Incoming local TCP Connector on port 23757" [_thread_in_native, id=3388, stack(0x000000c9fa700000,0x000000c9fa800000)]
  0x000002500fc08170 JavaThread "Daemon periodic checks" [_thread_blocked, id=1252, stack(0x000000c9fa800000,0x000000c9fa900000)]
  0x000002501102d060 JavaThread "Daemon" [_thread_blocked, id=992, stack(0x000000c9fa900000,0x000000c9faa00000)]
  0x00000250111f3980 JavaThread "Handler for socket connection from /127.0.0.1:23757 to /127.0.0.1:23758" [_thread_in_native, id=8544, stack(0x000000c9faa00000,0x000000c9fab00000)]
  0x000002500fa1b360 JavaThread "Cancel handler" [_thread_blocked, id=8188, stack(0x000000c9fab00000,0x000000c9fac00000)]
  0x000002507f86f5f0 JavaThread "Daemon worker" [_thread_in_Java, id=8876, stack(0x000000c9fac00000,0x000000c9fad00000)]
  0x000002500ff89a20 JavaThread "Asynchronous log dispatcher for DefaultDaemonConnection: socket connection from /127.0.0.1:23757 to /127.0.0.1:23758" [_thread_blocked, id=3524, stack(0x000000c9fad00000,0x000000c9fae00000)]
  0x000002500ff873a0 JavaThread "Stdin handler" [_thread_blocked, id=7952, stack(0x000000c9fae00000,0x000000c9faf00000)]
  0x000002500ff86ed0 JavaThread "Daemon client event forwarder" [_thread_blocked, id=3312, stack(0x000000c9faf00000,0x000000c9fb000000)]
  0x000002500ff87870 JavaThread "Cache worker for journal cache (C:\Users\Đ›ĐµĐ˝ŃŹŃŹŃŹŃŹŃŹŃŹŃŹ\.gradle\caches\journal-1)" [_thread_blocked, id=8976, stack(0x000000c9fb000000,0x000000c9fb100000)]
  0x000002500ff88bb0 JavaThread "File lock request listener" [_thread_in_native, id=9120, stack(0x000000c9fb100000,0x000000c9fb200000)]
  0x000002500ff886e0 JavaThread "Cache worker for file hash cache (C:\Users\Đ›ĐµĐ˝ŃŹŃŹŃŹŃŹŃŹŃŹŃŹ\.gradle\caches\8.0\fileHashes)" [_thread_blocked, id=5456, stack(0x000000c9fb200000,0x000000c9fb300000)]
  0x000002500ff87d40 JavaThread "File watcher server" daemon [_thread_in_native, id=5000, stack(0x000000c9fb300000,0x000000c9fb400000)]
  0x000002500ff86a00 JavaThread "File watcher consumer" daemon [_thread_blocked, id=3912, stack(0x000000c9fb400000,0x000000c9fb500000)]
  0x000002500ff88210 JavaThread "jar transforms" [_thread_blocked, id=6024, stack(0x000000c9fb500000,0x000000c9fb600000)]
  0x000002500ff89080 JavaThread "jar transforms Thread 2" [_thread_blocked, id=4932, stack(0x000000c9fb600000,0x000000c9fb700000)]
  0x000002501131eb40 JavaThread "jar transforms Thread 3" [_thread_blocked, id=6664, stack(0x000000c9fb700000,0x000000c9fb800000)]
  0x000002501131bff0 JavaThread "jar transforms Thread 4" [_thread_blocked, id=776, stack(0x000000c9fb800000,0x000000c9fb900000)]
  0x000002501131f4e0 JavaThread "Cache worker for checksums cache (C:\Prilojenie\.gradle\8.0\checksums)" [_thread_blocked, id=964, stack(0x000000c9fb900000,0x000000c9fba00000)]
  0x000002501131f010 JavaThread "Cache worker for cache directory md-rule (C:\Users\Đ›ĐµĐ˝ŃŹŃŹŃŹŃŹŃŹŃŹŃŹ\.gradle\caches\8.0\md-rule)" [_thread_blocked, id=2372, stack(0x000000c9fba00000,0x000000c9fbb00000)]
  0x000002501131bb20 JavaThread "Cache worker for file content cache (C:\Users\Đ›ĐµĐ˝ŃŹŃŹŃŹŃŹŃŹŃŹŃŹ\.gradle\caches\8.0\fileContent)" [_thread_blocked, id=1540, stack(0x000000c9fbb00000,0x000000c9fbc00000)]
  0x0000025011320350 JavaThread "Cache worker for file hash cache (C:\Prilojenie\.gradle\8.0\fileHashes)" [_thread_blocked, id=4128, stack(0x000000c9fbc00000,0x000000c9fbd00000)]
  0x0000025011319e40 JavaThread "Cache worker for cache directory md-supplier (C:\Users\Đ›ĐµĐ˝ŃŹŃŹŃŹŃŹŃŹŃŹŃŹ\.gradle\caches\8.0\md-supplier)" [_thread_blocked, id=6656, stack(0x000000c9fbd00000,0x000000c9fbe00000)]
  0x000002501131c990 JavaThread "Cache worker for execution history cache (C:\Users\Đ›ĐµĐ˝ŃŹŃŹŃŹŃŹŃŹŃŹŃŹ\.gradle\caches\8.0\executionHistory)" [_thread_blocked, id=6744, stack(0x000000c9fbe00000,0x000000c9fbf00000)]
  0x0000025011320820 JavaThread "Cache worker for kotlin-dsl (C:\Users\Đ›ĐµĐ˝ŃŹŃŹŃŹŃŹŃŹŃŹŃŹ\.gradle\caches\8.0\kotlin-dsl)" [_thread_blocked, id=7684, stack(0x000000c9fbf00000,0x000000c9fc000000)]

Other Threads:
  0x000002507ebf55a0 VMThread "VM Thread" [stack: 0x000000c9f9600000,0x000000c9f9700000] [id=5044]
  0x000002507f8de910 WatcherThread [stack: 0x000000c9fa200000,0x000000c9fa300000] [id=4608]
  0x000002507275d4d0 GCTaskThread "GC Thread#0" [stack: 0x000000c9f9100000,0x000000c9f9200000] [id=8688]
  0x000002500f044540 GCTaskThread "GC Thread#1" [stack: 0x000000c9fa300000,0x000000c9fa400000] [id=1916]
  0x000002507fb28f20 GCTaskThread "GC Thread#2" [stack: 0x000000c9fa400000,0x000000c9fa500000] [id=5920]
  0x000002500f7e1160 GCTaskThread "GC Thread#3" [stack: 0x000000c9fa500000,0x000000c9fa600000] [id=5440]
  0x000002507276e320 ConcurrentGCThread "G1 Main Marker" [stack: 0x000000c9f9200000,0x000000c9f9300000] [id=6880]
  0x000002507276f3e0 ConcurrentGCThread "G1 Conc#0" [stack: 0x000000c9f9300000,0x000000c9f9400000] [id=4492]
  0x00000250727ab050 ConcurrentGCThread "G1 Refine#0" [stack: 0x000000c9f9400000,0x000000c9f9500000] [id=8632]
  0x000002501350b1a0 ConcurrentGCThread "G1 Refine#1" [stack: 0x000000c9fc000000,0x000000c9fc100000] [id=7964]
  0x000002501350ce60 ConcurrentGCThread "G1 Refine#2" [stack: 0x000000c9fc100000,0x000000c9fc200000] [id=3424]
  0x00000250727ac990 ConcurrentGCThread "G1 Service" [stack: 0x000000c9f9500000,0x000000c9f9600000] [id=7940]

Threads with active compile tasks:
C2 CompilerThread0    26079 6446   !   4       org.jetbrains.kotlin.metadata.ProtoBuf$Type::<init> (875 bytes)

VM state: not at safepoint (normal execution)

VM Mutex/Monitor currently owned by a thread: None

Heap address: 0x0000000080000000, size: 2048 MB, Compressed Oops mode: 32-bit

CDS archive(s) not mapped
Compressed class space mapped at: 0x0000000100000000-0x0000000140000000, reserved size: 1073741824
Narrow klass base: 0x0000000000000000, Narrow klass shift: 3, Narrow klass range: 0x140000000

GC Precious Log:
 CPUs: 4 total, 4 available
 Memory: 3526M
 Large Page Support: Disabled
 NUMA Support: Disabled
 Compressed Oops: Enabled (32-bit)
 Heap Region Size: 1M
 Heap Min Capacity: 8M
 Heap Initial Capacity: 56M
 Heap Max Capacity: 2G
 Pre-touch: Disabled
 Parallel Workers: 4
 Concurrent Workers: 1
 Concurrent Refinement Workers: 4
 Periodic GC: Disabled

Heap:
 garbage-first heap   total 199680K, used 126180K [0x0000000080000000, 0x0000000100000000)
  region size 1024K, 25 young (25600K), 3 survivors (3072K)
 Metaspace       used 86675K, committed 87360K, reserved 1130496K
  class space    used 11467K, committed 11776K, reserved 1048576K

Heap Regions: E=young(eden), S=young(survivor), O=old, HS=humongous(starts), HC=humongous(continues), CS=collection set, F=free, OA=open archive, CA=closed archive, TAMS=top-at-mark-start (previous, next)
|   0|0x0000000080000000, 0x0000000080100000, 0x0000000080100000|100%|HS|  |TAMS 0x0000000080100000, 0x0000000080000000| Complete 
|   1|0x0000000080100000, 0x0000000080200000, 0x0000000080200000|100%|HC|  |TAMS 0x0000000080200000, 0x0000000080100000| Complete 
|   2|0x0000000080200000, 0x0000000080300000, 0x0000000080300000|100%|HC|  |TAMS 0x0000000080300000, 0x0000000080200000| Complete 
|   3|0x0000000080300000, 0x0000000080400000, 0x0000000080400000|100%|HC|  |TAMS 0x0000000080400000, 0x0000000080300000| Complete 
|   4|0x0000000080400000, 0x0000000080500000, 0x0000000080500000|100%| O|  |TAMS 0x0000000080500000, 0x0000000080400000| Untracked 
|   5|0x0000000080500000, 0x0000000080600000, 0x0000000080600000|100%| O|  |TAMS 0x0000000080600000, 0x0000000080500000| Untracked 
|   6|0x0000000080600000, 0x0000000080700000, 0x0000000080700000|100%| O|  |TAMS 0x0000000080700000, 0x0000000080600000| Untracked 
|   7|0x0000000080700000, 0x0000000080800000, 0x0000000080800000|100%| O|  |TAMS 0x0000000080800000, 0x0000000080700000| Untracked 
|   8|0x0000000080800000, 0x0000000080900000, 0x0000000080900000|100%| O|  |TAMS 0x0000000080900000, 0x0000000080800000| Untracked 
|   9|0x0000000080900000, 0x0000000080a00000, 0x0000000080a00000|100%| O|  |TAMS 0x0000000080a00000, 0x0000000080900000| Untracked 
|  10|0x0000000080a00000, 0x0000000080b00000, 0x0000000080b00000|100%| O|  |TAMS 0x0000000080b00000, 0x0000000080a00000| Untracked 
|  11|0x0000000080b00000, 0x0000000080c00000, 0x0000000080c00000|100%| O|  |TAMS 0x0000000080c00000, 0x0000000080b00000| Untracked 
|  12|0x0000000080c00000, 0x0000000080d00000, 0x0000000080d00000|100%| O|  |TAMS 0x0000000080d00000, 0x0000000080c00000| Untracked 
|  13|0x0000000080d00000, 0x0000000080e00000, 0x0000000080e00000|100%| O|  |TAMS 0x0000000080e00000, 0x0000000080d00000| Untracked 
|  14|0x0000000080e00000, 0x0000000080f00000, 0x0000000080f00000|100%| O|  |TAMS 0x0000000080f00000, 0x0000000080e00000| Untracked 
|  15|0x0000000080f00000, 0x0000000081000000, 0x0000000081000000|100%| O|  |TAMS 0x0000000081000000, 0x0000000080f00000| Untracked 
|  16|0x0000000081000000, 0x0000000081100000, 0x0000000081100000|100%| O|  |TAMS 0x0000000081100000, 0x0000000081000000| Untracked 
|  17|0x0000000081100000, 0x0000000081200000, 0x0000000081200000|100%| O|  |TAMS 0x0000000081200000, 0x0000000081100000| Untracked 
|  18|0x0000000081200000, 0x0000000081300000, 0x0000000081300000|100%| O|  |TAMS 0x0000000081300000, 0x0000000081200000| Untracked 
|  19|0x0000000081300000, 0x0000000081400000, 0x0000000081400000|100%| O|  |TAMS 0x0000000081400000, 0x0000000081300000| Untracked 
|  20|0x0000000081400000, 0x0000000081500000, 0x0000000081500000|100%| O|  |TAMS 0x0000000081500000, 0x0000000081400000| Untracked 
|  21|0x0000000081500000, 0x0000000081600000, 0x0000000081600000|100%|HS|  |TAMS 0x0000000081600000, 0x0000000081500000| Complete 
|  22|0x0000000081600000, 0x0000000081700000, 0x0000000081700000|100%|HC|  |TAMS 0x0000000081700000, 0x0000000081600000| Complete 
|  23|0x0000000081700000, 0x0000000081800000, 0x0000000081800000|100%|HS|  |TAMS 0x0000000081800000, 0x0000000081700000| Complete 
|  24|0x0000000081800000, 0x0000000081900000, 0x0000000081900000|100%|HC|  |TAMS 0x0000000081900000, 0x0000000081800000| Complete 
|  25|0x0000000081900000, 0x0000000081a00000, 0x0000000081a00000|100%|HC|  |TAMS 0x0000000081a00000, 0x0000000081900000| Complete 
|  26|0x0000000081a00000, 0x0000000081b00000, 0x0000000081b00000|100%|HS|  |TAMS 0x0000000081b00000, 0x0000000081a00000| Complete 
|  27|0x0000000081b00000, 0x0000000081c00000, 0x0000000081c00000|100%|HC|  |TAMS 0x0000000081c00000, 0x0000000081b00000| Complete 
|  28|0x0000000081c00000, 0x0000000081d00000, 0x0000000081d00000|100%|HC|  |TAMS 0x0000000081d00000, 0x0000000081c00000| Complete 
|  29|0x0000000081d00000, 0x0000000081e00000, 0x0000000081e00000|100%|HS|  |TAMS 0x0000000081e00000, 0x0000000081d00000| Complete 
|  30|0x0000000081e00000, 0x0000000081f00000, 0x0000000081f00000|100%|HC|  |TAMS 0x0000000081f00000, 0x0000000081e00000| Complete 
|  31|0x0000000081f00000, 0x0000000082000000, 0x0000000082000000|100%|HC|  |TAMS 0x0000000082000000, 0x0000000081f00000| Complete 
|  32|0x0000000082000000, 0x0000000082100000, 0x0000000082100000|100%|HC|  |TAMS 0x0000000082100000, 0x0000000082000000| Complete 
|  33|0x0000000082100000, 0x0000000082200000, 0x0000000082200000|100%|HC|  |TAMS 0x0000000082200000, 0x0000000082100000| Complete 
|  34|0x0000000082200000, 0x0000000082300000, 0x0000000082300000|100%|HC|  |TAMS 0x0000000082300000, 0x0000000082200000| Complete 
|  35|0x0000000082300000, 0x0000000082400000, 0x0000000082400000|100%|HC|  |TAMS 0x0000000082400000, 0x0000000082300000| Complete 
|  36|0x0000000082400000, 0x0000000082500000, 0x0000000082500000|100%|HC|  |TAMS 0x0000000082500000, 0x0000000082400000| Complete 
|  37|0x0000000082500000, 0x0000000082600000, 0x0000000082600000|100%|HC|  |TAMS 0x0000000082600000, 0x0000000082500000| Complete 
|  38|0x0000000082600000, 0x0000000082700000, 0x0000000082700000|100%|HC|  |TAMS 0x0000000082700000, 0x0000000082600000| Complete 
|  39|0x0000000082700000, 0x0000000082800000, 0x0000000082800000|100%|HC|  |TAMS 0x0000000082800000, 0x0000000082700000| Complete 
|  40|0x0000000082800000, 0x0000000082900000, 0x0000000082900000|100%|HC|  |TAMS 0x0000000082900000, 0x0000000082800000| Complete 
|  41|0x0000000082900000, 0x0000000082a00000, 0x0000000082a00000|100%| O|  |TAMS 0x0000000082a00000, 0x0000000082900000| Untracked 
|  42|0x0000000082a00000, 0x0000000082b00000, 0x0000000082b00000|100%| O|  |TAMS 0x0000000082b00000, 0x0000000082a00000| Untracked 
|  43|0x0000000082b00000, 0x0000000082c00000, 0x0000000082c00000|100%| O|  |TAMS 0x0000000082c00000, 0x0000000082b00000| Untracked 
|  44|0x0000000082c00000, 0x0000000082d00000, 0x0000000082d00000|100%|HS|  |TAMS 0x0000000082d00000, 0x0000000082c00000| Complete 
|  45|0x0000000082d00000, 0x0000000082e00000, 0x0000000082e00000|100%|HC|  |TAMS 0x0000000082e00000, 0x0000000082d00000| Complete 
|  46|0x0000000082e00000, 0x0000000082f00000, 0x0000000082f00000|100%| O|  |TAMS 0x0000000082f00000, 0x0000000082e00000| Untracked 
|  47|0x0000000082f00000, 0x0000000083000000, 0x0000000083000000|100%| O|  |TAMS 0x0000000083000000, 0x0000000082f00000| Untracked 
|  48|0x0000000083000000, 0x0000000083100000, 0x0000000083100000|100%| O|  |TAMS 0x0000000083100000, 0x0000000083000000| Untracked 
|  49|0x0000000083100000, 0x0000000083200000, 0x0000000083200000|100%| O|  |TAMS 0x0000000083200000, 0x0000000083100000| Untracked 
|  50|0x0000000083200000, 0x0000000083300000, 0x0000000083300000|100%| O|  |TAMS 0x0000000083300000, 0x0000000083200000| Untracked 
|  51|0x0000000083300000, 0x0000000083400000, 0x0000000083400000|100%| O|  |TAMS 0x0000000083400000, 0x0000000083300000| Untracked 
|  52|0x0000000083400000, 0x0000000083500000, 0x0000000083500000|100%| O|  |TAMS 0x0000000083500000, 0x0000000083400000| Untracked 
|  53|0x0000000083500000, 0x0000000083600000, 0x0000000083600000|100%| O|  |TAMS 0x0000000083600000, 0x0000000083500000| Untracked 
|  54|0x0000000083600000, 0x0000000083700000, 0x0000000083700000|100%| O|  |TAMS 0x0000000083700000, 0x0000000083600000| Untracked 
|  55|0x0000000083700000, 0x0000000083800000, 0x0000000083800000|100%|HS|  |TAMS 0x0000000083800000, 0x0000000083700000| Complete 
|  56|0x0000000083800000, 0x0000000083900000, 0x0000000083900000|100%|HC|  |TAMS 0x0000000083900000, 0x0000000083800000| Complete 
|  57|0x0000000083900000, 0x0000000083a00000, 0x0000000083a00000|100%|HC|  |TAMS 0x0000000083a00000, 0x0000000083900000| Complete 
|  58|0x0000000083a00000, 0x0000000083b00000, 0x0000000083b00000|100%|HS|  |TAMS 0x0000000083b00000, 0x0000000083a00000| Complete 
|  59|0x0000000083b00000, 0x0000000083c00000, 0x0000000083c00000|100%|HC|  |TAMS 0x0000000083c00000, 0x0000000083b00000| Complete 
|  60|0x0000000083c00000, 0x0000000083d00000, 0x0000000083d00000|100%|HC|  |TAMS 0x0000000083d00000, 0x0000000083c00000| Complete 
|  61|0x0000000083d00000, 0x0000000083e00000, 0x0000000083e00000|100%| O|  |TAMS 0x0000000083e00000, 0x0000000083d00000| Untracked 
|  62|0x0000000083e00000, 0x0000000083f00000, 0x0000000083f00000|100%| O|  |TAMS 0x0000000083f00000, 0x0000000083e00000| Untracked 
|  63|0x0000000083f00000, 0x0000000084000000, 0x0000000084000000|100%| O|  |TAMS 0x0000000084000000, 0x0000000083f00000| Untracked 
|  64|0x0000000084000000, 0x0000000084100000, 0x0000000084100000|100%| O|  |TAMS 0x0000000084100000, 0x0000000084000000| Untracked 
|  65|0x0000000084100000, 0x0000000084200000, 0x0000000084200000|100%| O|  |TAMS 0x0000000084200000, 0x0000000084100000| Untracked 
|  66|0x0000000084200000, 0x0000000084300000, 0x0000000084300000|100%| O|  |TAMS 0x0000000084300000, 0x0000000084200000| Untracked 
|  67|0x0000000084300000, 0x0000000084400000, 0x0000000084400000|100%|HS|  |TAMS 0x0000000084400000, 0x0000000084300000| Complete 
|  68|0x0000000084400000, 0x0000000084500000, 0x0000000084500000|100%|HC|  |TAMS 0x0000000084500000, 0x0000000084400000| Complete 
|  69|0x0000000084500000, 0x0000000084600000, 0x0000000084600000|100%|HC|  |TAMS 0x0000000084600000, 0x0000000084500000| Complete 
|  70|0x0000000084600000, 0x0000000084700000, 0x0000000084700000|100%|HC|  |TAMS 0x0000000084700000, 0x0000000084600000| Complete 
|  71|0x0000000084700000, 0x0000000084800000, 0x0000000084800000|100%| O|  |TAMS 0x0000000084800000, 0x0000000084700000| Untracked 
|  72|0x0000000084800000, 0x0000000084900000, 0x0000000084900000|100%| O|  |TAMS 0x0000000084900000, 0x0000000084800000| Untracked 
|  73|0x0000000084900000, 0x0000000084a00000, 0x0000000084a00000|100%| O|  |TAMS 0x0000000084a00000, 0x0000000084900000| Untracked 
|  74|0x0000000084a00000, 0x0000000084b00000, 0x0000000084b00000|100%| O|  |TAMS 0x0000000084b00000, 0x0000000084a00000| Untracked 
|  75|0x0000000084b00000, 0x0000000084c00000, 0x0000000084c00000|100%| O|  |TAMS 0x0000000084c00000, 0x0000000084b00000| Untracked 
|  76|0x0000000084c00000, 0x0000000084d00000, 0x0000000084d00000|100%| O|  |TAMS 0x0000000084d00000, 0x0000000084c00000| Untracked 
|  77|0x0000000084d00000, 0x0000000084e00000, 0x0000000084e00000|100%| O|  |TAMS 0x0000000084e00000, 0x0000000084d00000| Untracked 
|  78|0x0000000084e00000, 0x0000000084f00000, 0x0000000084f00000|100%| O|  |TAMS 0x0000000084f00000, 0x0000000084e00000| Untracked 
|  79|0x0000000084f00000, 0x0000000085000000, 0x0000000085000000|100%| O|  |TAMS 0x0000000085000000, 0x0000000084f00000| Untracked 
|  80|0x0000000085000000, 0x0000000085100000, 0x0000000085100000|100%| O|  |TAMS 0x0000000085100000, 0x0000000085000000| Untracked 
|  81|0x0000000085100000, 0x0000000085200000, 0x0000000085200000|100%| O|  |TAMS 0x0000000085200000, 0x0000000085100000| Untracked 
|  82|0x0000000085200000, 0x0000000085300000, 0x0000000085300000|100%| O|  |TAMS 0x0000000085300000, 0x0000000085200000| Untracked 
|  83|0x0000000085300000, 0x0000000085400000, 0x0000000085400000|100%| O|  |TAMS 0x0000000085400000, 0x0000000085300000| Untracked 
|  84|0x0000000085400000, 0x0000000085500000, 0x0000000085500000|100%| O|  |TAMS 0x0000000085500000, 0x0000000085400000| Untracked 
|  85|0x0000000085500000, 0x0000000085600000, 0x0000000085600000|100%|HS|  |TAMS 0x0000000085600000, 0x0000000085500000| Complete 
|  86|0x0000000085600000, 0x0000000085700000, 0x0000000085700000|100%|HC|  |TAMS 0x0000000085700000, 0x0000000085600000| Complete 
|  87|0x0000000085700000, 0x0000000085800000, 0x0000000085800000|100%|HC|  |TAMS 0x0000000085800000, 0x0000000085700000| Complete 
|  88|0x0000000085800000, 0x0000000085900000, 0x0000000085900000|100%|HC|  |TAMS 0x0000000085900000, 0x0000000085800000| Complete 
|  89|0x0000000085900000, 0x0000000085a00000, 0x0000000085a00000|100%|HC|  |TAMS 0x0000000085a00000, 0x0000000085900000| Complete 
|  90|0x0000000085a00000, 0x0000000085b00000, 0x0000000085b00000|100%|HC|  |TAMS 0x0000000085b00000, 0x0000000085a00000| Complete 
|  91|0x0000000085b00000, 0x0000000085c00000, 0x0000000085c00000|100%| O|  |TAMS 0x0000000085c00000, 0x0000000085b00000| Untracked 
|  92|0x0000000085c00000, 0x0000000085d00000, 0x0000000085d00000|100%| O|  |TAMS 0x0000000085d00000, 0x0000000085c00000| Untracked 
|  93|0x0000000085d00000, 0x0000000085e00000, 0x0000000085e00000|100%| O|  |TAMS 0x0000000085e00000, 0x0000000085d00000| Untracked 
|  94|0x0000000085e00000, 0x0000000085f00000, 0x0000000085f00000|100%| O|  |TAMS 0x0000000085f00000, 0x0000000085e00000| Untracked 
|  95|0x0000000085f00000, 0x0000000086000000, 0x0000000086000000|100%| O|  |TAMS 0x0000000086000000, 0x0000000085f00000| Untracked 
|  96|0x0000000086000000, 0x0000000086100000, 0x0000000086100000|100%| O|  |TAMS 0x000000008604a800, 0x0000000086000000| Untracked 
|  97|0x0000000086100000, 0x0000000086200000, 0x0000000086200000|100%| O|  |TAMS 0x0000000086100000, 0x0000000086100000| Untracked 
|  98|0x0000000086200000, 0x0000000086248c00, 0x0000000086300000| 28%| O|  |TAMS 0x0000000086200000, 0x0000000086200000| Untracked 
|  99|0x0000000086300000, 0x0000000086400000, 0x0000000086400000|100%|HS|  |TAMS 0x0000000086300000, 0x0000000086300000| Complete 
| 100|0x0000000086400000, 0x0000000086400000, 0x0000000086500000|  0%| F|  |TAMS 0x0000000086400000, 0x0000000086400000| Untracked 
| 101|0x0000000086500000, 0x0000000086500000, 0x0000000086600000|  0%| F|  |TAMS 0x0000000086500000, 0x0000000086500000| Untracked 
| 102|0x0000000086600000, 0x0000000086600000, 0x0000000086700000|  0%| F|  |TAMS 0x0000000086600000, 0x0000000086600000| Untracked 
| 103|0x0000000086700000, 0x0000000086700000, 0x0000000086800000|  0%| F|  |TAMS 0x0000000086700000, 0x0000000086700000| Untracked 
| 104|0x0000000086800000, 0x0000000086800000, 0x0000000086900000|  0%| F|  |TAMS 0x0000000086800000, 0x0000000086800000| Untracked 
| 105|0x0000000086900000, 0x0000000086900000, 0x0000000086a00000|  0%| F|  |TAMS 0x0000000086900000, 0x0000000086900000| Untracked 
| 106|0x0000000086a00000, 0x0000000086a00000, 0x0000000086b00000|  0%| F|  |TAMS 0x0000000086a00000, 0x0000000086a00000| Untracked 
| 107|0x0000000086b00000, 0x0000000086b00000, 0x0000000086c00000|  0%| F|  |TAMS 0x0000000086b00000, 0x0000000086b00000| Untracked 
| 108|0x0000000086c00000, 0x0000000086c00000, 0x0000000086d00000|  0%| F|  |TAMS 0x0000000086c00000, 0x0000000086c00000| Untracked 
| 109|0x0000000086d00000, 0x0000000086d00000, 0x0000000086e00000|  0%| F|  |TAMS 0x0000000086d00000, 0x0000000086d00000| Untracked 
| 110|0x0000000086e00000, 0x0000000086e00000, 0x0000000086f00000|  0%| F|  |TAMS 0x0000000086e00000, 0x0000000086e00000| Untracked 
| 111|0x0000000086f00000, 0x0000000086f00000, 0x0000000087000000|  0%| F|  |TAMS 0x0000000086f00000, 0x0000000086f00000| Untracked 
| 112|0x0000000087000000, 0x0000000087000000, 0x0000000087100000|  0%| F|  |TAMS 0x0000000087000000, 0x0000000087000000| Untracked 
| 113|0x0000000087100000, 0x0000000087100000, 0x0000000087200000|  0%| F|  |TAMS 0x0000000087100000, 0x0000000087100000| Untracked 
| 114|0x0000000087200000, 0x0000000087200000, 0x0000000087300000|  0%| F|  |TAMS 0x0000000087200000, 0x0000000087200000| Untracked 
| 115|0x0000000087300000, 0x0000000087300000, 0x0000000087400000|  0%| F|  |TAMS 0x0000000087300000, 0x0000000087300000| Untracked 
| 116|0x0000000087400000, 0x0000000087400000, 0x0000000087500000|  0%| F|  |TAMS 0x0000000087400000, 0x0000000087400000| Untracked 
| 117|0x0000000087500000, 0x0000000087500000, 0x0000000087600000|  0%| F|  |TAMS 0x0000000087500000, 0x0000000087500000| Untracked 
| 118|0x0000000087600000, 0x0000000087600000, 0x0000000087700000|  0%| F|  |TAMS 0x0000000087600000, 0x0000000087600000| Untracked 
| 119|0x0000000087700000, 0x0000000087700000, 0x0000000087800000|  0%| F|  |TAMS 0x0000000087700000, 0x0000000087700000| Untracked 
| 120|0x0000000087800000, 0x0000000087800000, 0x0000000087900000|  0%| F|  |TAMS 0x0000000087800000, 0x0000000087800000| Untracked 
| 121|0x0000000087900000, 0x0000000087900000, 0x0000000087a00000|  0%| F|  |TAMS 0x0000000087900000, 0x0000000087900000| Untracked 
| 122|0x0000000087a00000, 0x0000000087a00000, 0x0000000087b00000|  0%| F|  |TAMS 0x0000000087a00000, 0x0000000087a00000| Untracked 
| 123|0x0000000087b00000, 0x0000000087b00000, 0x0000000087c00000|  0%| F|  |TAMS 0x0000000087b00000, 0x0000000087b00000| Untracked 
| 124|0x0000000087c00000, 0x0000000087c00000, 0x0000000087d00000|  0%| F|  |TAMS 0x0000000087c00000, 0x0000000087c00000| Untracked 
| 125|0x0000000087d00000, 0x0000000087d00000, 0x0000000087e00000|  0%| F|  |TAMS 0x0000000087d00000, 0x0000000087d00000| Untracked 
| 126|0x0000000087e00000, 0x0000000087e00000, 0x0000000087f00000|  0%| F|  |TAMS 0x0000000087e00000, 0x0000000087e00000| Untracked 
| 127|0x0000000087f00000, 0x0000000087f00000, 0x0000000088000000|  0%| F|  |TAMS 0x0000000087f00000, 0x0000000087f00000| Untracked 
| 128|0x0000000088000000, 0x0000000088000000, 0x0000000088100000|  0%| F|  |TAMS 0x0000000088000000, 0x0000000088000000| Untracked 
| 129|0x0000000088100000, 0x0000000088100000, 0x0000000088200000|  0%| F|  |TAMS 0x0000000088100000, 0x0000000088100000| Untracked 
| 130|0x0000000088200000, 0x0000000088200000, 0x0000000088300000|  0%| F|  |TAMS 0x0000000088200000, 0x0000000088200000| Untracked 
| 131|0x0000000088300000, 0x0000000088300000, 0x0000000088400000|  0%| F|  |TAMS 0x0000000088300000, 0x0000000088300000| Untracked 
| 132|0x0000000088400000, 0x0000000088400000, 0x0000000088500000|  0%| F|  |TAMS 0x0000000088400000, 0x0000000088400000| Untracked 
| 133|0x0000000088500000, 0x0000000088500000, 0x0000000088600000|  0%| F|  |TAMS 0x0000000088500000, 0x0000000088500000| Untracked 
| 134|0x0000000088600000, 0x0000000088600000, 0x0000000088700000|  0%| F|  |TAMS 0x0000000088600000, 0x0000000088600000| Untracked 
| 135|0x0000000088700000, 0x0000000088700000, 0x0000000088800000|  0%| F|  |TAMS 0x0000000088700000, 0x0000000088700000| Untracked 
| 136|0x0000000088800000, 0x0000000088800000, 0x0000000088900000|  0%| F|  |TAMS 0x0000000088800000, 0x0000000088800000| Untracked 
| 137|0x0000000088900000, 0x0000000088900000, 0x0000000088a00000|  0%| F|  |TAMS 0x0000000088900000, 0x0000000088900000| Untracked 
| 138|0x0000000088a00000, 0x0000000088a00000, 0x0000000088b00000|  0%| F|  |TAMS 0x0000000088a00000, 0x0000000088a00000| Untracked 
| 139|0x0000000088b00000, 0x0000000088b00000, 0x0000000088c00000|  0%| F|  |TAMS 0x0000000088b00000, 0x0000000088b00000| Untracked 
| 140|0x0000000088c00000, 0x0000000088c00000, 0x0000000088d00000|  0%| F|  |TAMS 0x0000000088c00000, 0x0000000088c00000| Untracked 
| 141|0x0000000088d00000, 0x0000000088d00000, 0x0000000088e00000|  0%| F|  |TAMS 0x0000000088d00000, 0x0000000088d00000| Untracked 
| 142|0x0000000088e00000, 0x0000000088e00000, 0x0000000088f00000|  0%| F|  |TAMS 0x0000000088e00000, 0x0000000088e00000| Untracked 
| 143|0x0000000088f00000, 0x0000000088f00000, 0x0000000089000000|  0%| F|  |TAMS 0x0000000088f00000, 0x0000000088f00000| Untracked 
| 144|0x0000000089000000, 0x0000000089000000, 0x0000000089100000|  0%| F|  |TAMS 0x0000000089000000, 0x0000000089000000| Untracked 
| 145|0x0000000089100000, 0x0000000089100000, 0x0000000089200000|  0%| F|  |TAMS 0x0000000089100000, 0x0000000089100000| Untracked 
| 146|0x0000000089200000, 0x0000000089200000, 0x0000000089300000|  0%| F|  |TAMS 0x0000000089200000, 0x0000000089200000| Untracked 
| 147|0x0000000089300000, 0x0000000089300000, 0x0000000089400000|  0%| F|  |TAMS 0x0000000089300000, 0x0000000089300000| Untracked 
| 148|0x0000000089400000, 0x0000000089400000, 0x0000000089500000|  0%| F|  |TAMS 0x0000000089400000, 0x0000000089400000| Untracked 
| 149|0x0000000089500000, 0x0000000089500000, 0x0000000089600000|  0%| F|  |TAMS 0x0000000089500000, 0x0000000089500000| Untracked 
| 150|0x0000000089600000, 0x0000000089600000, 0x0000000089700000|  0%| F|  |TAMS 0x0000000089600000, 0x0000000089600000| Untracked 
| 151|0x0000000089700000, 0x0000000089700000, 0x0000000089800000|  0%| F|  |TAMS 0x0000000089700000, 0x0000000089700000| Untracked 
| 152|0x0000000089800000, 0x0000000089800000, 0x0000000089900000|  0%| F|  |TAMS 0x0000000089800000, 0x0000000089800000| Untracked 
| 153|0x0000000089900000, 0x0000000089900000, 0x0000000089a00000|  0%| F|  |TAMS 0x0000000089900000, 0x0000000089900000| Untracked 
| 154|0x0000000089a00000, 0x0000000089a00000, 0x0000000089b00000|  0%| F|  |TAMS 0x0000000089a00000, 0x0000000089a00000| Untracked 
| 155|0x0000000089b00000, 0x0000000089c00000, 0x0000000089c00000|100%| E|CS|TAMS 0x0000000089b00000, 0x0000000089b00000| Complete 
| 156|0x0000000089c00000, 0x0000000089d00000, 0x0000000089d00000|100%| E|CS|TAMS 0x0000000089c00000, 0x0000000089c00000| Complete 
| 157|0x0000000089d00000, 0x0000000089e00000, 0x0000000089e00000|100%| E|CS|TAMS 0x0000000089d00000, 0x0000000089d00000| Complete 
| 158|0x0000000089e00000, 0x0000000089f00000, 0x0000000089f00000|100%| E|CS|TAMS 0x0000000089e00000, 0x0000000089e00000| Complete 
| 159|0x0000000089f00000, 0x000000008a000000, 0x000000008a000000|100%| E|CS|TAMS 0x0000000089f00000, 0x0000000089f00000| Complete 
| 160|0x000000008a000000, 0x000000008a100000, 0x000000008a100000|100%| E|CS|TAMS 0x000000008a000000, 0x000000008a000000| Complete 
| 161|0x000000008a100000, 0x000000008a200000, 0x000000008a200000|100%| E|CS|TAMS 0x000000008a100000, 0x000000008a100000| Complete 
| 162|0x000000008a200000, 0x000000008a300000, 0x000000008a300000|100%| E|CS|TAMS 0x000000008a200000, 0x000000008a200000| Complete 
| 163|0x000000008a300000, 0x000000008a400000, 0x000000008a400000|100%| E|CS|TAMS 0x000000008a300000, 0x000000008a300000| Complete 
| 164|0x000000008a400000, 0x000000008a500000, 0x000000008a500000|100%| E|CS|TAMS 0x000000008a400000, 0x000000008a400000| Complete 
| 165|0x000000008a500000, 0x000000008a5f04f8, 0x000000008a600000| 93%| S|CS|TAMS 0x000000008a500000, 0x000000008a500000| Complete 
| 166|0x000000008a600000, 0x000000008a700000, 0x000000008a700000|100%| S|CS|TAMS 0x000000008a600000, 0x000000008a600000| Complete 
| 167|0x000000008a700000, 0x000000008a800000, 0x000000008a800000|100%| S|CS|TAMS 0x000000008a700000, 0x000000008a700000| Complete 
| 168|0x000000008a800000, 0x000000008a900000, 0x000000008a900000|100%| E|CS|TAMS 0x000000008a800000, 0x000000008a800000| Complete 
| 169|0x000000008a900000, 0x000000008aa00000, 0x000000008aa00000|100%| E|CS|TAMS 0x000000008a900000, 0x000000008a900000| Complete 
| 170|0x000000008aa00000, 0x000000008ab00000, 0x000000008ab00000|100%| E|CS|TAMS 0x000000008aa00000, 0x000000008aa00000| Complete 
| 171|0x000000008ab00000, 0x000000008ac00000, 0x000000008ac00000|100%| E|CS|TAMS 0x000000008ab00000, 0x000000008ab00000| Complete 
| 172|0x000000008ac00000, 0x000000008ac00000, 0x000000008ad00000|  0%| F|  |TAMS 0x000000008ac00000, 0x000000008ac00000| Untracked 
| 173|0x000000008ad00000, 0x000000008ad00000, 0x000000008ae00000|  0%| F|  |TAMS 0x000000008ad00000, 0x000000008ad00000| Untracked 
| 174|0x000000008ae00000, 0x000000008ae00000, 0x000000008af00000|  0%| F|  |TAMS 0x000000008ae00000, 0x000000008ae00000| Untracked 
| 175|0x000000008af00000, 0x000000008af00000, 0x000000008b000000|  0%| F|  |TAMS 0x000000008af00000, 0x000000008af00000| Untracked 
| 176|0x000000008b000000, 0x000000008b000000, 0x000000008b100000|  0%| F|  |TAMS 0x000000008b000000, 0x000000008b000000| Untracked 
| 177|0x000000008b100000, 0x000000008b100000, 0x000000008b200000|  0%| F|  |TAMS 0x000000008b100000, 0x000000008b100000| Untracked 
| 178|0x000000008b200000, 0x000000008b200000, 0x000000008b300000|  0%| F|  |TAMS 0x000000008b200000, 0x000000008b200000| Untracked 
| 179|0x000000008b300000, 0x000000008b300000, 0x000000008b400000|  0%| F|  |TAMS 0x000000008b300000, 0x000000008b300000| Untracked 
| 180|0x000000008b400000, 0x000000008b400000, 0x000000008b500000|  0%| F|  |TAMS 0x000000008b400000, 0x000000008b400000| Untracked 
| 181|0x000000008b500000, 0x000000008b500000, 0x000000008b600000|  0%| F|  |TAMS 0x000000008b500000, 0x000000008b500000| Untracked 
| 182|0x000000008b600000, 0x000000008b600000, 0x000000008b700000|  0%| F|  |TAMS 0x000000008b600000, 0x000000008b600000| Untracked 
| 183|0x000000008b700000, 0x000000008b700000, 0x000000008b800000|  0%| F|  |TAMS 0x000000008b700000, 0x000000008b700000| Untracked 
| 184|0x000000008b800000, 0x000000008b800000, 0x000000008b900000|  0%| F|  |TAMS 0x000000008b800000, 0x000000008b800000| Untracked 
| 185|0x000000008b900000, 0x000000008b900000, 0x000000008ba00000|  0%| F|  |TAMS 0x000000008b900000, 0x000000008b900000| Untracked 
| 186|0x000000008ba00000, 0x000000008ba00000, 0x000000008bb00000|  0%| F|  |TAMS 0x000000008ba00000, 0x000000008ba00000| Untracked 
| 187|0x000000008bb00000, 0x000000008bc00000, 0x000000008bc00000|100%| E|  |TAMS 0x000000008bb00000, 0x000000008bb00000| Complete 
| 188|0x000000008bc00000, 0x000000008bd00000, 0x000000008bd00000|100%| E|CS|TAMS 0x000000008bc00000, 0x000000008bc00000| Complete 
| 189|0x000000008bd00000, 0x000000008be00000, 0x000000008be00000|100%| E|CS|TAMS 0x000000008bd00000, 0x000000008bd00000| Complete 
| 190|0x000000008be00000, 0x000000008bf00000, 0x000000008bf00000|100%| E|CS|TAMS 0x000000008be00000, 0x000000008be00000| Complete 
| 191|0x000000008bf00000, 0x000000008c000000, 0x000000008c000000|100%| E|CS|TAMS 0x000000008bf00000, 0x000000008bf00000| Complete 
| 192|0x000000008c000000, 0x000000008c100000, 0x000000008c100000|100%| E|CS|TAMS 0x000000008c000000, 0x000000008c000000| Complete 
| 193|0x000000008c100000, 0x000000008c200000, 0x000000008c200000|100%| E|CS|TAMS 0x000000008c100000, 0x000000008c100000| Complete 
| 194|0x000000008c200000, 0x000000008c300000, 0x000000008c300000|100%| E|CS|TAMS 0x000000008c200000, 0x000000008c200000| Complete 

Card table byte_map: [0x0000025077df0000,0x00000250781f0000] _byte_map_base: 0x00000250779f0000

Marking Bits (Prev, Next): (CMBitMap*) 0x000002507275da30, (CMBitMap*) 0x000002507275d9f0
 Prev Bits: [0x000002507a5f0000, 0x000002507c5f0000)
 Next Bits: [0x00000250785f0000, 0x000002507a5f0000)

Polling page: 0x00000250727d0000

Metaspace:

Usage:
  Non-class:     73.45 MB used.
      Class:     11.20 MB used.
       Both:     84.65 MB used.

Virtual space:
  Non-class space:       80.00 MB reserved,      73.81 MB ( 92%) committed,  10 nodes.
      Class space:        1.00 GB reserved,      11.50 MB (  1%) committed,  1 nodes.
             Both:        1.08 GB reserved,      85.31 MB (  8%) committed. 

Chunk freelists:
   Non-Class:  2.09 MB
       Class:  496.00 KB
        Both:  2.58 MB

MaxMetaspaceSize: unlimited
CompressedClassSpaceSize: 1.00 GB
Initial GC threshold: 21.00 MB
Current GC threshold: 142.19 MB
CDS: off
MetaspaceReclaimPolicy: balanced
 - commit_granule_bytes: 65536.
 - commit_granule_words: 8192.
 - virtual_space_node_default_size: 1048576.
 - enlarge_chunks_in_place: 1.
 - new_chunks_are_fully_committed: 0.
 - uncommit_free_chunks: 1.
 - use_allocation_guard: 0.
 - handle_deallocations: 1.


Internal statistics:

num_allocs_failed_limit: 3.
num_arena_births: 710.
num_arena_deaths: 0.
num_vsnodes_births: 11.
num_vsnodes_deaths: 0.
num_space_committed: 1363.
num_space_uncommitted: 0.
num_chunks_returned_to_freelist: 3.
num_chunks_taken_from_freelist: 3517.
num_chunk_merges: 3.
num_chunk_splits: 2606.
num_chunks_enlarged: 2067.
num_purges: 0.
num_inconsistent_stats: 0.

CodeHeap 'non-profiled nmethods': size=120000Kb used=2626Kb max_used=3109Kb free=117373Kb
 bounds [0x0000025007ad0000, 0x0000025007de0000, 0x000002500f000000]
CodeHeap 'profiled nmethods': size=120000Kb used=11291Kb max_used=11940Kb free=108708Kb
 bounds [0x0000025000000000, 0x0000025000bc0000, 0x0000025007530000]
CodeHeap 'non-nmethods': size=5760Kb used=2381Kb max_used=2401Kb free=3378Kb
 bounds [0x0000025007530000, 0x00000250077a0000, 0x0000025007ad0000]
 total_blobs=6437 nmethods=5522 adapters=826
 compilation: enabled
              stopped_count=0, restarted_count=0
 full_count=0

Compilation events (20 events):
Event: 25.918 Thread 0x000002507f8178d0 6490       3       org.jetbrains.kotlin.metadata.jvm.JvmProtoBuf$JvmMethodSignature::writeTo (52 bytes)
Event: 25.919 Thread 0x000002507f8178d0 nmethod 6490 0x000002500077f610 code [0x000002500077f880, 0x0000025000780128]
Event: 25.919 Thread 0x000002507f8178d0 6491       3       org.jetbrains.kotlin.protobuf.CodedOutputStream::writeEnum (12 bytes)
Event: 25.920 Thread 0x000002507f8178d0 nmethod 6491 0x00000250002f6610 code [0x00000250002f6800, 0x00000250002f6ba8]
Event: 25.920 Thread 0x000002507f8178d0 6492       3       org.jetbrains.kotlin.protobuf.CodedOutputStream::writeEnumNoTag (6 bytes)
Event: 25.920 Thread 0x000002507f8178d0 nmethod 6492 0x00000250000c6790 code [0x00000250000c6960, 0x00000250000c6b98]
Event: 25.921 Thread 0x000002507f8178d0 6495       3       org.jetbrains.kotlin.serialization.deserialization.descriptors.DeserializedMemberScope$OptimizedImplementation::packToByteArray (262 bytes)
Event: 25.923 Thread 0x000002507f8178d0 nmethod 6495 0x0000025000023110 code [0x0000025000023540, 0x0000025000025608]
Event: 25.923 Thread 0x000002507f8178d0 6497       2       org.jetbrains.kotlin.metadata.ProtoBuf$Annotation::writeTo (72 bytes)
Event: 25.924 Thread 0x000002507f8178d0 nmethod 6497 0x000002500077eb90 code [0x000002500077edc0, 0x000002500077f218]
Event: 25.924 Thread 0x000002507f8178d0 6499       2       org.jetbrains.kotlin.metadata.ProtoBuf$Annotation$Argument::writeTo (52 bytes)
Event: 25.925 Thread 0x000002507f8178d0 nmethod 6499 0x00000250009d3a10 code [0x00000250009d3c20, 0x00000250009d3f58]
Event: 25.925 Thread 0x000002507f8178d0 6500       2       org.jetbrains.kotlin.metadata.ProtoBuf$Annotation$Argument$Value::writeTo (272 bytes)
Event: 25.927 Thread 0x000002507f8178d0 nmethod 6500 0x0000025000061e90 code [0x0000025000062220, 0x0000025000062c78]
Event: 25.942 Thread 0x000002507f8178d0 6503       2       org.jetbrains.kotlin.metadata.jvm.JvmProtoBuf$StringTableTypes$Record$Operation::valueOf (42 bytes)
Event: 25.943 Thread 0x000002507f8178d0 nmethod 6503 0x00000250009e5a10 code [0x00000250009e5bc0, 0x00000250009e5d58]
Event: 25.944 Thread 0x000002507f8178d0 6504       1       org.jetbrains.kotlin.load.kotlin.JvmPackagePartSource::getClassName (5 bytes)
Event: 25.944 Thread 0x000002507f8178d0 nmethod 6504 0x0000025007aef690 code [0x0000025007aef820, 0x0000025007aef8f8]
Event: 25.958 Thread 0x000002507f8178d0 6505       1       org.jetbrains.kotlin.load.kotlin.header.KotlinClassHeader::getMetadataVersion (5 bytes)
Event: 25.958 Thread 0x000002507f8178d0 nmethod 6505 0x0000025007aef390 code [0x0000025007aef520, 0x0000025007aef5f8]

GC Heap History (20 events):
Event: 15.456 GC heap before
{Heap before GC invocations=28 (full 0):
 garbage-first heap   total 141312K, used 104440K [0x0000000080000000, 0x0000000100000000)
  region size 1024K, 37 young (37888K), 2 survivors (2048K)
 Metaspace       used 53531K, committed 54080K, reserved 1097728K
  class space    used 7506K, committed 7744K, reserved 1048576K
}
Event: 15.463 GC heap after
{Heap after GC invocations=29 (full 0):
 garbage-first heap   total 141312K, used 69606K [0x0000000080000000, 0x0000000100000000)
  region size 1024K, 3 young (3072K), 3 survivors (3072K)
 Metaspace       used 53531K, committed 54080K, reserved 1097728K
  class space    used 7506K, committed 7744K, reserved 1048576K
}
Event: 16.645 GC heap before
{Heap before GC invocations=30 (full 0):
 garbage-first heap   total 141312K, used 114662K [0x0000000080000000, 0x0000000100000000)
  region size 1024K, 47 young (48128K), 3 survivors (3072K)
 Metaspace       used 59272K, committed 59840K, reserved 1105920K
  class space    used 8277K, committed 8512K, reserved 1048576K
}
Event: 16.654 GC heap after
{Heap after GC invocations=31 (full 0):
 garbage-first heap   total 141312K, used 71526K [0x0000000080000000, 0x0000000100000000)
  region size 1024K, 5 young (5120K), 5 survivors (5120K)
 Metaspace       used 59272K, committed 59840K, reserved 1105920K
  class space    used 8277K, committed 8512K, reserved 1048576K
}
Event: 17.198 GC heap before
{Heap before GC invocations=31 (full 0):
 garbage-first heap   total 141312K, used 87910K [0x0000000080000000, 0x0000000100000000)
  region size 1024K, 22 young (22528K), 5 survivors (5120K)
 Metaspace       used 61862K, committed 62400K, reserved 1105920K
  class space    used 8598K, committed 8832K, reserved 1048576K
}
Event: 17.211 GC heap after
{Heap after GC invocations=32 (full 0):
 garbage-first heap   total 141312K, used 72020K [0x0000000080000000, 0x0000000100000000)
  region size 1024K, 4 young (4096K), 4 survivors (4096K)
 Metaspace       used 61862K, committed 62400K, reserved 1105920K
  class space    used 8598K, committed 8832K, reserved 1048576K
}
Event: 18.467 GC heap before
{Heap before GC invocations=33 (full 0):
 garbage-first heap   total 141312K, used 116052K [0x0000000080000000, 0x0000000100000000)
  region size 1024K, 44 young (45056K), 4 survivors (4096K)
 Metaspace       used 68087K, committed 68672K, reserved 1114112K
  class space    used 9387K, committed 9664K, reserved 1048576K
}
Event: 18.475 GC heap after
{Heap after GC invocations=34 (full 0):
 garbage-first heap   total 141312K, used 77424K [0x0000000080000000, 0x0000000100000000)
  region size 1024K, 4 young (4096K), 4 survivors (4096K)
 Metaspace       used 68087K, committed 68672K, reserved 1114112K
  class space    used 9387K, committed 9664K, reserved 1048576K
}
Event: 19.076 GC heap before
{Heap before GC invocations=35 (full 0):
 garbage-first heap   total 150528K, used 124528K [0x0000000080000000, 0x0000000100000000)
  region size 1024K, 44 young (45056K), 4 survivors (4096K)
 Metaspace       used 68593K, committed 69248K, reserved 1114112K
  class space    used 9433K, committed 9728K, reserved 1048576K
}
Event: 19.110 GC heap after
{Heap after GC invocations=36 (full 0):
 garbage-first heap   total 150528K, used 86475K [0x0000000080000000, 0x0000000100000000)
  region size 1024K, 6 young (6144K), 6 survivors (6144K)
 Metaspace       used 68593K, committed 69248K, reserved 1114112K
  class space    used 9433K, committed 9728K, reserved 1048576K
}
Event: 20.020 GC heap before
{Heap before GC invocations=36 (full 0):
 garbage-first heap   total 150528K, used 116171K [0x0000000080000000, 0x0000000100000000)
  region size 1024K, 36 young (36864K), 6 survivors (6144K)
 Metaspace       used 72509K, committed 73152K, reserved 1114112K
  class space    used 9900K, committed 10176K, reserved 1048576K
}
Event: 20.042 GC heap after
{Heap after GC invocations=37 (full 0):
 garbage-first heap   total 150528K, used 89416K [0x0000000080000000, 0x0000000100000000)
  region size 1024K, 3 young (3072K), 3 survivors (3072K)
 Metaspace       used 72509K, committed 73152K, reserved 1114112K
  class space    used 9900K, committed 10176K, reserved 1048576K
}
Event: 21.111 GC heap before
{Heap before GC invocations=38 (full 0):
 garbage-first heap   total 165888K, used 129352K [0x0000000080000000, 0x0000000100000000)
  region size 1024K, 36 young (36864K), 3 survivors (3072K)
 Metaspace       used 76523K, committed 77120K, reserved 1122304K
  class space    used 10289K, committed 10560K, reserved 1048576K
}
Event: 21.121 GC heap after
{Heap after GC invocations=39 (full 0):
 garbage-first heap   total 165888K, used 98583K [0x0000000080000000, 0x0000000100000000)
  region size 1024K, 5 young (5120K), 5 survivors (5120K)
 Metaspace       used 76523K, committed 77120K, reserved 1122304K
  class space    used 10289K, committed 10560K, reserved 1048576K
}
Event: 22.807 GC heap before
{Heap before GC invocations=39 (full 0):
 garbage-first heap   total 165888K, used 134423K [0x0000000080000000, 0x0000000100000000)
  region size 1024K, 40 young (40960K), 5 survivors (5120K)
 Metaspace       used 81525K, committed 82176K, reserved 1122304K
  class space    used 10822K, committed 11136K, reserved 1048576K
}
Event: 22.831 GC heap after
{Heap after GC invocations=40 (full 0):
 garbage-first heap   total 165888K, used 100814K [0x0000000080000000, 0x0000000100000000)
  region size 1024K, 3 young (3072K), 3 survivors (3072K)
 Metaspace       used 81525K, committed 82176K, reserved 1122304K
  class space    used 10822K, committed 11136K, reserved 1048576K
}
Event: 25.350 GC heap before
{Heap before GC invocations=41 (full 0):
 garbage-first heap   total 176128K, used 135630K [0x0000000080000000, 0x0000000100000000)
  region size 1024K, 37 young (37888K), 3 survivors (3072K)
 Metaspace       used 86162K, committed 86720K, reserved 1130496K
  class space    used 11420K, committed 11712K, reserved 1048576K
}
Event: 25.372 GC heap after
{Heap after GC invocations=42 (full 0):
 garbage-first heap   total 176128K, used 102979K [0x0000000080000000, 0x0000000100000000)
  region size 1024K, 5 young (5120K), 5 survivors (5120K)
 Metaspace       used 86162K, committed 86720K, reserved 1130496K
  class space    used 11420K, committed 11712K, reserved 1048576K
}
Event: 25.596 GC heap before
{Heap before GC invocations=42 (full 0):
 garbage-first heap   total 176128K, used 106051K [0x0000000080000000, 0x0000000100000000)
  region size 1024K, 9 young (9216K), 5 survivors (5120K)
 Metaspace       used 86596K, committed 87168K, reserved 1130496K
  class space    used 11467K, committed 11776K, reserved 1048576K
}
Event: 25.612 GC heap after
{Heap after GC invocations=43 (full 0):
 garbage-first heap   total 176128K, used 103652K [0x0000000080000000, 0x0000000100000000)
  region size 1024K, 3 young (3072K), 3 survivors (3072K)
 Metaspace       used 86596K, committed 87168K, reserved 1130496K
  class space    used 11467K, committed 11776K, reserved 1048576K
}

Dll operation events (2 events):
Event: 0.023 Loaded shared library C:\Program Files\Android\Android Studio\jbr\bin\java.dll
Event: 1.129 Loaded shared library C:\Program Files\Android\Android Studio\jbr\bin\verify.dll

Deoptimization events (20 events):
Event: 23.068 Thread 0x000002507f86f5f0 Uncommon trap: trap_request=0xffffffbe fr.pc=0x0000025007c02698 relative=0x00000000000004f8
Event: 23.068 Thread 0x000002507f86f5f0 Uncommon trap: reason=profile_predicate action=maybe_recompile pc=0x0000025007c02698 method=org.jetbrains.kotlin.com.intellij.openapi.util.text.StringUtilRt.equal(Ljava/lang/CharSequence;Ljava/lang/CharSequence;Z)Z @ 47 c2
Event: 23.068 Thread 0x000002507f86f5f0 DEOPT PACKING pc=0x0000025007c02698 sp=0x000000c9facf32c0
Event: 23.068 Thread 0x000002507f86f5f0 DEOPT UNPACKING pc=0x00000250075869a3 sp=0x000000c9facf3248 mode 2
Event: 23.105 Thread 0x000002507f86f5f0 DEOPT PACKING pc=0x0000025000a294ac sp=0x000000c9facf3480
Event: 23.105 Thread 0x000002507f86f5f0 DEOPT UNPACKING pc=0x0000025007587143 sp=0x000000c9facf2910 mode 0
Event: 23.753 Thread 0x000002507f86f5f0 DEOPT PACKING pc=0x00000250005b1564 sp=0x000000c9facf3c50
Event: 23.753 Thread 0x000002507f86f5f0 DEOPT UNPACKING pc=0x0000025007587143 sp=0x000000c9facf3220 mode 0
Event: 23.835 Thread 0x000002507f86f5f0 Uncommon trap: trap_request=0xffffff45 fr.pc=0x0000025007c4c54c relative=0x000000000000004c
Event: 23.835 Thread 0x000002507f86f5f0 Uncommon trap: reason=unstable_if action=reinterpret pc=0x0000025007c4c54c method=org.jetbrains.kotlin.protobuf.CodedOutputStream.computeRawVarint32Size(I)I @ 14 c2
Event: 23.835 Thread 0x000002507f86f5f0 DEOPT PACKING pc=0x0000025007c4c54c sp=0x000000c9facf4040
Event: 23.836 Thread 0x000002507f86f5f0 DEOPT UNPACKING pc=0x00000250075869a3 sp=0x000000c9facf3fd8 mode 2
Event: 24.038 Thread 0x000002507f86f5f0 DEOPT PACKING pc=0x0000025000750924 sp=0x000000c9facf2e90
Event: 24.038 Thread 0x000002507f86f5f0 DEOPT UNPACKING pc=0x0000025007587143 sp=0x000000c9facf23e8 mode 0
Event: 24.080 Thread 0x000002507f86f5f0 DEOPT PACKING pc=0x0000025000a04928 sp=0x000000c9facf2bf0
Event: 24.080 Thread 0x000002507f86f5f0 DEOPT UNPACKING pc=0x0000025007587143 sp=0x000000c9facf2098 mode 0
Event: 25.092 Thread 0x000002507f86f5f0 Uncommon trap: trap_request=0xffffff45 fr.pc=0x0000025007d37e54 relative=0x00000000000000b4
Event: 25.092 Thread 0x000002507f86f5f0 Uncommon trap: reason=unstable_if action=reinterpret pc=0x0000025007d37e54 method=java.text.StringCharacterIterator.current()C @ 19 c2
Event: 25.092 Thread 0x000002507f86f5f0 DEOPT PACKING pc=0x0000025007d37e54 sp=0x000000c9facf2330
Event: 25.092 Thread 0x000002507f86f5f0 DEOPT UNPACKING pc=0x00000250075869a3 sp=0x000000c9facf22c8 mode 2

Classes unloaded (0 events):
No events

Classes redefined (0 events):
No events

Internal exceptions (20 events):
Event: 14.676 Thread 0x000002507f86f5f0 Exception <a 'java/lang/IncompatibleClassChangeError'{0x0000000087a2edc8}: Found class java.lang.Object, but interface was expected> (0x0000000087a2edc8) 
thrown [s\src\hotspot\share\interpreter\linkResolver.cpp, line 838]
Event: 14.814 Thread 0x000002507f86f5f0 Exception <a 'java/lang/NoSuchMethodError'{0x000000008774cfc0}: 'java.lang.Object java.lang.invoke.DirectMethodHandle$Holder.invokeStaticInit(java.lang.Object, int)'> (0x000000008774cfc0) 
thrown [s\src\hotspot\share\interpreter\linkResolver.cpp, line 771]
Event: 14.849 Thread 0x000002507f86f5f0 Exception <a 'java/lang/NoSuchMethodError'{0x000000008767e780}: 'int java.lang.invoke.DelegatingMethodHandle$Holder.reinvoke_L(java.lang.Object, java.lang.Object, java.lang.Object, long, int, int)'> (0x000000008767e780) 
thrown [s\src\hotspot\share\interpreter\linkResolver.cpp, line 771]
Event: 14.850 Thread 0x000002507f86f5f0 Exception <a 'java/lang/NoSuchMethodError'{0x000000008768e908}: 'int java.lang.invoke.DelegatingMethodHandle$Holder.reinvoke_L(java.lang.Object, java.lang.Object, java.lang.Object, long, long, long)'> (0x000000008768e908) 
thrown [s\src\hotspot\share\interpreter\linkResolver.cpp, line 771]
Event: 14.852 Thread 0x000002507f86f5f0 Exception <a 'java/lang/NoSuchMethodError'{0x000000008769e7e0}: 'int java.lang.invoke.DelegatingMethodHandle$Holder.reinvoke_L(java.lang.Object, java.lang.Object, java.lang.Object, long, java.lang.Object, java.lang.Object)'> (0x000000008769e7e0) 
thrown [s\src\hotspot\share\interpreter\linkResolver.cpp, line 771]
Event: 14.853 Thread 0x000002507f86f5f0 Exception <a 'java/lang/NoSuchMethodError'{0x00000000876ae500}: 'void java.lang.invoke.DelegatingMethodHandle$Holder.reinvoke_L(java.lang.Object, java.lang.Object, java.lang.Object, long, java.lang.Object)'> (0x00000000876ae500) 
thrown [s\src\hotspot\share\interpreter\linkResolver.cpp, line 771]
Event: 14.854 Thread 0x000002507f86f5f0 Exception <a 'java/lang/NoSuchMethodError'{0x00000000876b6b88}: 'java.lang.Object java.lang.invoke.DirectMethodHandle$Holder.invokeSpecial(java.lang.Object, java.lang.Object, java.lang.Object, java.lang.Object, long)'> (0x00000000876b6b88) 
thrown [s\src\hotspot\share\interpreter\linkResolver.cpp, line 771]
Event: 14.858 Thread 0x000002507f86f5f0 Exception <a 'java/lang/NoSuchMethodError'{0x00000000876dd1e8}: 'long java.lang.invoke.Invokers$Holder.invoke_MT(java.lang.Object, java.lang.Object, java.lang.Object, java.lang.Object)'> (0x00000000876dd1e8) 
thrown [s\src\hotspot\share\interpreter\linkResolver.cpp, line 771]
Event: 14.860 Thread 0x000002507f86f5f0 Exception <a 'java/lang/NoSuchMethodError'{0x00000000876e62e8}: 'int java.lang.invoke.Invokers$Holder.invoke_MT(java.lang.Object, java.lang.Object, java.lang.Object, java.lang.Object)'> (0x00000000876e62e8) 
thrown [s\src\hotspot\share\interpreter\linkResolver.cpp, line 771]
Event: 14.862 Thread 0x000002507f86f5f0 Exception <a 'java/lang/NoSuchMethodError'{0x00000000876f7330}: 'int java.lang.invoke.DelegatingMethodHandle$Holder.reinvoke_L(java.lang.Object, java.lang.Object, java.lang.Object, long, int)'> (0x00000000876f7330) 
thrown [s\src\hotspot\share\interpreter\linkResolver.cpp, line 771]
Event: 14.864 Thread 0x000002507f86f5f0 Exception <a 'java/lang/NoSuchMethodError'{0x000000008750b580}: 'java.lang.Object java.lang.invoke.Invokers$Holder.invokeExact_MT(java.lang.Object, java.lang.Object, long, java.lang.Object)'> (0x000000008750b580) 
thrown [s\src\hotspot\share\interpreter\linkResolver.cpp, line 771]
Event: 16.801 Thread 0x000002507f86f5f0 Exception <a 'java/lang/NoSuchMethodError'{0x00000000885ef8c8}: 'long java.lang.invoke.DirectMethodHandle$Holder.invokeStatic(java.lang.Object)'> (0x00000000885ef8c8) 
thrown [s\src\hotspot\share\interpreter\linkResolver.cpp, line 771]
Event: 16.803 Thread 0x000002507f86f5f0 Exception <a 'java/lang/NoSuchMethodError'{0x00000000885f44b0}: 'long java.lang.invoke.DirectMethodHandle$Holder.invokeStaticInit(java.lang.Object)'> (0x00000000885f44b0) 
thrown [s\src\hotspot\share\interpreter\linkResolver.cpp, line 771]
Event: 17.191 Thread 0x000002507f86f5f0 Implicit null exception at 0x0000025007c80d0c to 0x0000025007c80e42
Event: 17.980 Thread 0x000002507f86f5f0 Exception <a 'java/lang/NoSuchMethodError'{0x0000000086fdf550}: 'void java.lang.invoke.DirectMethodHandle$Holder.invokeVirtual(java.lang.Object, java.lang.Object)'> (0x0000000086fdf550) 
thrown [s\src\hotspot\share\interpreter\linkResolver.cpp, line 771]
Event: 18.429 Thread 0x000002507f86f5f0 Exception <a 'java/lang/NoSuchMethodError'{0x0000000085f348f8}: 'java.lang.Object java.lang.invoke.Invokers$Holder.invoke_MT(java.lang.Object, java.lang.Object, java.lang.Object)'> (0x0000000085f348f8) 
thrown [s\src\hotspot\share\interpreter\linkResolver.cpp, line 771]
Event: 24.692 Thread 0x000002507f86f5f0 Exception <a 'java/lang/NoSuchMethodError'{0x000000008923ebc0}: 'java.lang.Object java.lang.invoke.DirectMethodHandle$Holder.invokeStatic(java.lang.Object, java.lang.Object, java.lang.Object, java.lang.Object, int)'> (0x000000008923ebc0) 
thrown [s\src\hotspot\share\interpreter\linkResolver.cpp, line 771]
Event: 24.698 Thread 0x000002507f86f5f0 Exception <a 'java/lang/NoSuchMethodError'{0x0000000089249cf0}: 'java.lang.Object java.lang.invoke.DirectMethodHandle$Holder.newInvokeSpecial(java.lang.Object, java.lang.Object, java.lang.Object, java.lang.Object, int)'> (0x0000000089249cf0) 
thrown [s\src\hotspot\share\interpreter\linkResolver.cpp, line 771]
Event: 24.700 Thread 0x000002507f86f5f0 Exception <a 'java/lang/NoSuchMethodError'{0x000000008924fd60}: 'java.lang.Object java.lang.invoke.DirectMethodHandle$Holder.invokeSpecial(java.lang.Object, java.lang.Object, java.lang.Object, java.lang.Object, java.lang.Object, int)'> (0x000000008924fd60) 
thrown [s\src\hotspot\share\interpreter\linkResolver.cpp, line 771]
Event: 24.701 Thread 0x000002507f86f5f0 Exception <a 'java/lang/NoSuchMethodError'{0x0000000089255780}: 'java.lang.Object java.lang.invoke.Invokers$Holder.linkToTargetMethod(java.lang.Object, java.lang.Object, java.lang.Object, int, java.lang.Object)'> (0x0000000089255780) 
thrown [s\src\hotspot\share\interpreter\linkResolver.cpp, line 771]

VM Operations (20 events):
Event: 22.805 Executing VM operation: G1CollectForAllocation
Event: 22.831 Executing VM operation: G1CollectForAllocation done
Event: 23.339 Executing VM operation: G1Concurrent
Event: 23.351 Executing VM operation: G1Concurrent done
Event: 23.445 Executing VM operation: G1Concurrent
Event: 23.460 Executing VM operation: G1Concurrent done
Event: 23.752 Executing VM operation: HandshakeAllThreads
Event: 23.753 Executing VM operation: HandshakeAllThreads done
Event: 24.592 Executing VM operation: HandshakeAllThreads
Event: 24.592 Executing VM operation: HandshakeAllThreads done
Event: 24.592 Executing VM operation: Cleanup
Event: 24.592 Executing VM operation: Cleanup done
Event: 24.602 Executing VM operation: HandshakeAllThreads
Event: 24.602 Executing VM operation: HandshakeAllThreads done
Event: 25.349 Executing VM operation: G1CollectForAllocation
Event: 25.372 Executing VM operation: G1CollectForAllocation done
Event: 25.596 Executing VM operation: G1TryInitiateConcMark
Event: 25.615 Executing VM operation: G1TryInitiateConcMark done
Event: 25.944 Executing VM operation: G1Concurrent
Event: 25.953 Executing VM operation: G1Concurrent done

Events (20 events):
Event: 22.030 Thread 0x000002507ec6ff00 flushing nmethod 0x0000025000a4ff10
Event: 22.030 Thread 0x000002507ec6ff00 flushing nmethod 0x0000025000a50610
Event: 22.031 Thread 0x000002507ec6ff00 flushing nmethod 0x0000025000a82e90
Event: 22.031 Thread 0x000002507ec6ff00 flushing nmethod 0x0000025000ab7790
Event: 22.091 loading class java/util/ArrayList$ListItr
Event: 22.091 loading class java/util/ArrayList$ListItr done
Event: 23.719 loading class java/text/StringCharacterIterator
Event: 23.720 loading class java/text/CharacterIterator
Event: 23.721 loading class java/text/CharacterIterator done
Event: 23.721 loading class java/text/StringCharacterIterator done
Event: 23.892 loading class java/io/NotSerializableException
Event: 23.892 loading class java/io/NotSerializableException done
Event: 24.458 loading class java/util/function/IntUnaryOperator
Event: 24.460 loading class java/util/function/IntUnaryOperator done
Event: 24.598 loading class java/util/AbstractList$SubList
Event: 24.599 loading class java/util/AbstractList$SubList done
Event: 24.599 loading class java/util/AbstractList$SubList$1
Event: 24.599 loading class java/util/AbstractList$SubList$1 done
Event: 24.599 loading class java/util/AbstractList$ListItr
Event: 24.600 loading class java/util/AbstractList$ListItr done


Dynamic libraries:
0x00007ff613880000 - 0x00007ff61388a000 	C:\Program Files\Android\Android Studio\jbr\bin\java.exe
0x00007ffafb570000 - 0x00007ffafb768000 	C:\windows\SYSTEM32\ntdll.dll
0x00007ffafa150000 - 0x00007ffafa20d000 	C:\windows\System32\KERNEL32.DLL
0x00007ffaf8ca0000 - 0x00007ffaf8f96000 	C:\windows\System32\KERNELBASE.dll
0x00007ffaf8fa0000 - 0x00007ffaf90a0000 	C:\windows\System32\ucrtbase.dll
0x00007ffaf2a20000 - 0x00007ffaf2a3b000 	C:\Program Files\Android\Android Studio\jbr\bin\VCRUNTIME140.dll
0x00007ffaf2a40000 - 0x00007ffaf2a57000 	C:\Program Files\Android\Android Studio\jbr\bin\jli.dll
0x00007ffafa240000 - 0x00007ffafa3de000 	C:\windows\System32\USER32.dll
0x00007ffae15c0000 - 0x00007ffae185a000 	C:\windows\WinSxS\amd64_microsoft.windows.common-controls_6595b64144ccf1df_6.0.19041.3636_none_60b6a03d71f818d5\COMCTL32.dll
0x00007ffaf91c0000 - 0x00007ffaf91e2000 	C:\windows\System32\win32u.dll
0x00007ffaf9750000 - 0x00007ffaf97ee000 	C:\windows\System32\msvcrt.dll
0x00007ffafa210000 - 0x00007ffafa23b000 	C:\windows\System32\GDI32.dll
0x00007ffaf90a0000 - 0x00007ffaf91b7000 	C:\windows\System32\gdi32full.dll
0x00007ffaf9500000 - 0x00007ffaf959d000 	C:\windows\System32\msvcp_win.dll
0x00007ffafae70000 - 0x00007ffafaea2000 	C:\windows\System32\IMM32.DLL
0x00007ffaf2860000 - 0x00007ffaf286c000 	C:\Program Files\Android\Android Studio\jbr\bin\vcruntime140_1.dll
0x00007ffae0910000 - 0x00007ffae099d000 	C:\Program Files\Android\Android Studio\jbr\bin\msvcp140.dll
0x00007ffaac0b0000 - 0x00007ffaacd1e000 	C:\Program Files\Android\Android Studio\jbr\bin\server\jvm.dll
0x00007ffaf95a0000 - 0x00007ffaf9650000 	C:\windows\System32\ADVAPI32.dll
0x00007ffafadb0000 - 0x00007ffafae50000 	C:\windows\System32\sechost.dll
0x00007ffaf9a00000 - 0x00007ffaf9b25000 	C:\windows\System32\RPCRT4.dll
0x00007ffaf8c20000 - 0x00007ffaf8c47000 	C:\windows\System32\bcrypt.dll
0x00007ffaf4a50000 - 0x00007ffaf4a59000 	C:\windows\SYSTEM32\WSOCK32.dll
0x00007ffaf1a40000 - 0x00007ffaf1a67000 	C:\windows\SYSTEM32\WINMM.dll
0x00007ffaf1a70000 - 0x00007ffaf1a7a000 	C:\windows\SYSTEM32\VERSION.dll
0x00007ffafa4a0000 - 0x00007ffafa50b000 	C:\windows\System32\WS2_32.dll
0x00007ffaf6ad0000 - 0x00007ffaf6ae2000 	C:\windows\SYSTEM32\kernel.appcore.dll
0x00007ffaf4a40000 - 0x00007ffaf4a4a000 	C:\Program Files\Android\Android Studio\jbr\bin\jimage.dll
0x00007ffaed760000 - 0x00007ffaed944000 	C:\windows\SYSTEM32\DBGHELP.DLL
0x00007ffae04b0000 - 0x00007ffae04e4000 	C:\windows\SYSTEM32\dbgcore.DLL
0x00007ffaf92a0000 - 0x00007ffaf9322000 	C:\windows\System32\bcryptPrimitives.dll
0x00007ffaf48a0000 - 0x00007ffaf48c5000 	C:\Program Files\Android\Android Studio\jbr\bin\java.dll
0x00007ffaf2c10000 - 0x00007ffaf2c28000 	C:\Program Files\Android\Android Studio\jbr\bin\zip.dll
0x00007ffafa510000 - 0x00007ffafac7b000 	C:\windows\System32\SHELL32.dll
0x00007ffaf6cd0000 - 0x00007ffaf746e000 	C:\windows\SYSTEM32\windows.storage.dll
0x00007ffafb1d0000 - 0x00007ffafb523000 	C:\windows\System32\combase.dll
0x00007ffaf8580000 - 0x00007ffaf85ae000 	C:\windows\SYSTEM32\Wldp.dll
0x00007ffafafe0000 - 0x00007ffafb0ad000 	C:\windows\System32\OLEAUT32.dll
0x00007ffafa3f0000 - 0x00007ffafa49d000 	C:\windows\System32\SHCORE.dll
0x00007ffaf9c80000 - 0x00007ffaf9cd5000 	C:\windows\System32\shlwapi.dll
0x00007ffaf8b50000 - 0x00007ffaf8b75000 	C:\windows\SYSTEM32\profapi.dll
0x00007ffaf2b70000 - 0x00007ffaf2b89000 	C:\Program Files\Android\Android Studio\jbr\bin\net.dll
0x00007ffaee1b0000 - 0x00007ffaee2ba000 	C:\windows\SYSTEM32\WINHTTP.dll
0x00007ffaf82e0000 - 0x00007ffaf834a000 	C:\windows\system32\mswsock.dll
0x00007ffaf2b50000 - 0x00007ffaf2b66000 	C:\Program Files\Android\Android Studio\jbr\bin\nio.dll
0x00007ffaf2df0000 - 0x00007ffaf2e00000 	C:\Program Files\Android\Android Studio\jbr\bin\verify.dll
0x00007ffad2fd0000 - 0x00007ffad2ff7000 	C:\Users\Ëĺí˙˙˙˙˙˙˙\.gradle\native\68d5fa5c4cc2d200863cafc0d521ce42e7d3e7ee720ec0a83991735586a16f82\windows-amd64\native-platform.dll
0x00007ffab27a0000 - 0x00007ffab28e4000 	C:\Users\Ëĺí˙˙˙˙˙˙˙\.gradle\native\e376f236ea51e6404a007f0833ffe2c6e607c4080706a723a18a27aeea778392\windows-amd64\native-platform-file-events.dll
0x00007ffaf2d60000 - 0x00007ffaf2d69000 	C:\Program Files\Android\Android Studio\jbr\bin\management.dll
0x00007ffaf2c00000 - 0x00007ffaf2c0b000 	C:\Program Files\Android\Android Studio\jbr\bin\management_ext.dll
0x00007ffafa3e0000 - 0x00007ffafa3e8000 	C:\windows\System32\PSAPI.DLL
0x00007ffaf84d0000 - 0x00007ffaf84e8000 	C:\windows\SYSTEM32\CRYPTSP.dll
0x00007ffaf7c10000 - 0x00007ffaf7c44000 	C:\windows\system32\rsaenh.dll
0x00007ffaf8ad0000 - 0x00007ffaf8afe000 	C:\windows\SYSTEM32\USERENV.dll
0x00007ffaf84f0000 - 0x00007ffaf84fc000 	C:\windows\SYSTEM32\CRYPTBASE.dll
0x00007ffaf7fd0000 - 0x00007ffaf800b000 	C:\windows\SYSTEM32\IPHLPAPI.DLL
0x00007ffaf9b30000 - 0x00007ffaf9b38000 	C:\windows\System32\NSI.dll
0x00007ffaf1c40000 - 0x00007ffaf1c57000 	C:\windows\SYSTEM32\dhcpcsvc6.DLL
0x00007ffaf1bd0000 - 0x00007ffaf1bed000 	C:\windows\SYSTEM32\dhcpcsvc.DLL
0x00007ffaf8010000 - 0x00007ffaf80db000 	C:\windows\SYSTEM32\DNSAPI.dll
0x00007ffaf2a70000 - 0x00007ffaf2a77000 	C:\windows\system32\wshunix.dll

dbghelp: loaded successfully - version: 4.0.5 - missing functions: none
symbol engine: initialized successfully - sym options: 0x614 - pdb path: .;C:\Program Files\Android\Android Studio\jbr\bin;C:\windows\SYSTEM32;C:\windows\WinSxS\amd64_microsoft.windows.common-controls_6595b64144ccf1df_6.0.19041.3636_none_60b6a03d71f818d5;C:\Program Files\Android\Android Studio\jbr\bin\server;C:\Users\Ëĺí˙˙˙˙˙˙˙\.gradle\native\68d5fa5c4cc2d200863cafc0d521ce42e7d3e7ee720ec0a83991735586a16f82\windows-amd64;C:\Users\Ëĺí˙˙˙˙˙˙˙\.gradle\native\e376f236ea51e6404a007f0833ffe2c6e607c4080706a723a18a27aeea778392\windows-amd64

VM Arguments:
jvm_args: --add-opens=java.base/java.util=ALL-UNNAMED --add-opens=java.base/java.lang=ALL-UNNAMED --add-opens=java.base/java.lang.invoke=ALL-UNNAMED --add-opens=java.prefs/java.util.prefs=ALL-UNNAMED --add-opens=java.base/java.nio.charset=ALL-UNNAMED --add-opens=java.base/java.net=ALL-UNNAMED --add-opens=java.base/java.util.concurrent.atomic=ALL-UNNAMED -Xmx2048m -Dfile.encoding=UTF-8 -Duser.country=RU -Duser.language=ru -Duser.variant 
java_command: org.gradle.launcher.daemon.bootstrap.GradleDaemon 8.0
java_class_path (initial): C:\Users\Ëĺí˙˙˙˙˙˙˙\.gradle\wrapper\dists\gradle-8.0-bin\ca5e32bp14vu59qr306oxotwh\gradle-8.0\lib\gradle-launcher-8.0.jar
Launcher Type: SUN_STANDARD

[Global flags]
     intx CICompilerCount                          = 3                                         {product} {ergonomic}
     uint ConcGCThreads                            = 1                                         {product} {ergonomic}
     uint G1ConcRefinementThreads                  = 4                                         {product} {ergonomic}
   size_t G1HeapRegionSize                         = 1048576                                   {product} {ergonomic}
    uintx GCDrainStackTargetSize                   = 64                                        {product} {ergonomic}
   size_t InitialHeapSize                          = 58720256                                  {product} {ergonomic}
   size_t MarkStackSize                            = 4194304                                   {product} {ergonomic}
   size_t MaxHeapSize                              = 2147483648                                {product} {command line}
   size_t MaxNewSize                               = 1287651328                                {product} {ergonomic}
   size_t MinHeapDeltaBytes                        = 1048576                                   {product} {ergonomic}
   size_t MinHeapSize                              = 8388608                                   {product} {ergonomic}
    uintx NonNMethodCodeHeapSize                   = 5832780                                {pd product} {ergonomic}
    uintx NonProfiledCodeHeapSize                  = 122912730                              {pd product} {ergonomic}
    uintx ProfiledCodeHeapSize                     = 122912730                              {pd product} {ergonomic}
    uintx ReservedCodeCacheSize                    = 251658240                              {pd product} {ergonomic}
     bool SegmentedCodeCache                       = true                                      {product} {ergonomic}
   size_t SoftMaxHeapSize                          = 2147483648                             {manageable} {ergonomic}
     bool UseCompressedClassPointers               = true                           {product lp64_product} {ergonomic}
     bool UseCompressedOops                        = true                           {product lp64_product} {ergonomic}
     bool UseG1GC                                  = true                                      {product} {ergonomic}
     bool UseLargePagesIndividualAllocation        = false                                  {pd product} {ergonomic}

Logging:
Log output configuration:
 #0: stdout all=warning uptime,level,tags
 #1: stderr all=off uptime,level,tags

Environment Variables:
PATH=C:\Program Files\Common Files\Oracle\Java\javapath;C:\Program Files (x86)\Common Files\Oracle\Java\javapath;C:\Program Files\Eclipse Foundation\jdk-11.0.12.7-hotspot\bin;C:\windows\system32;C:\windows;C:\windows\System32\Wbem;C:\windows\System32\WindowsPowerShell\v1.0\;C:\windows\System32\OpenSSH\;C:\Program Files\Git\cmd;C:\Program Files\Microsoft SQL Server\150\Tools\Binn\;C:\Program Files\Microsoft SQL Server\Client SDK\ODBC\170\Tools\Binn\;C:\Program Files\dotnet\;C:\Ruby30\bin;C:\Users\Ëĺí˙˙˙˙˙˙˙\OneDrive\Đŕáî÷čé ńňîë\Scripts\;C:\Users\Ëĺí˙˙˙˙˙˙˙\OneDrive\Đŕáî÷čé ńňîë\;C:\Users\Ëĺí˙˙˙˙˙˙˙\AppData\Local\Microsoft\WindowsApps;C:\Users\Ëĺí˙˙˙˙˙˙˙\.dotnet\tools
USERNAME=Ëĺí˙˙˙˙˙˙˙
OS=Windows_NT
PROCESSOR_IDENTIFIER=AMD64 Family 23 Model 24 Stepping 1, AuthenticAMD
TMP=C:\Users\E908~1\AppData\Local\Temp
TEMP=C:\Users\E908~1\AppData\Local\Temp


JNI global refs:
JNI global refs: 26, weak refs: 21

JNI global refs memory usage: 843, weak refs: 841


---------------  S Y S T E M  ---------------

OS:
 Windows 10 , 64 bit Build 19041 (10.0.19041.3636)
OS uptime: 0 days 0:41 hours

CPU: total 4 (initial active 4) (4 cores per cpu, 2 threads per core) family 23 model 24 stepping 1 microcode 0x0, cx8, cmov, fxsr, ht, mmx, 3dnowpref, sse, sse2, sse3, ssse3, sse4a, sse4.1, sse4.2, popcnt, lzcnt, tsc, tscinvbit, avx, avx2, aes, clmul, bmi1, bmi2, adx, sha, fma, vzeroupper, clflush, clflushopt

Memory: 4k page, system-wide physical 3526M (81M free)
TotalPageFile size 14278M (AvailPageFile size 6M)
current process WorkingSet (physical memory assigned to process): 190M, peak: 307M
current process commit charge ("private bytes"): 424M, peak: 426M

vm_info: OpenJDK 64-Bit Server VM (17.0.6+0-b2043.56-10027231) for windows-amd64 JRE (17.0.6+0-b2043.56-10027231), built on Apr 28 2023 00:43:19 by "androidbuild" with MS VC++ 16.10 / 16.11 (VS2019)

END.
